Using pre-set license
Built from '2020.3/staging' branch; Version is '2020.3.20f1 (41c4e627c95f) revision 4310246'; Using compiler version '192528614'; Build Type 'Release'
OS: 'Windows 10 Pro; OS build 19041.264; Version 2004; 64bit' Language: 'en' Physical Memory: 8106 MB
BatchMode: 1, IsHumanControllingUs: 0, StartBugReporterOnCrash: 0, Is64bit: 1, IsPro: 0

COMMAND LINE ARGUMENTS:
C:\Program Files\Unity\Hub\Editor\2020.3.20f1\Editor\Unity.exe
-adb2
-batchMode
-noUpm
-name
AssetImportWorker0
-projectPath
C:/Users/Administrator/Desktop/Unity Project/Programming-Theory-Repo/Programming Theory Project
-logFile
Logs/AssetImportWorker0.log
-srvPort
59335
Successfully changed project path to: C:/Users/Administrator/Desktop/Unity Project/Programming-Theory-Repo/Programming Theory Project
C:/Users/Administrator/Desktop/Unity Project/Programming-Theory-Repo/Programming Theory Project
Using Asset Import Pipeline V2.
Refreshing native plugins compatible for Editor in 62.19 ms, found 2 plugins.
Preloading 0 native plugins for Editor in 0.00 ms.
Initialize engine version: 2020.3.20f1 (41c4e627c95f)
[Subsystems] Discovering subsystems at path C:/Program Files/Unity/Hub/Editor/2020.3.20f1/Editor/Data/Resources/UnitySubsystems
[Subsystems] Discovering subsystems at path C:/Users/Administrator/Desktop/Unity Project/Programming-Theory-Repo/Programming Theory Project/Assets
GfxDevice: creating device client; threaded=0
Direct3D:
    Version:  Direct3D 11.0 [level 10.1]
    Renderer: Intel(R) HD Graphics 3000 (ID=0x116)
    Vendor:   
    VRAM:     128 MB
    Driver:   9.17.10.4459
Initialize mono
Mono path[0] = 'C:/Program Files/Unity/Hub/Editor/2020.3.20f1/Editor/Data/Managed'
Mono path[1] = 'C:/Program Files/Unity/Hub/Editor/2020.3.20f1/Editor/Data/MonoBleedingEdge/lib/mono/unityjit'
Mono config path = 'C:/Program Files/Unity/Hub/Editor/2020.3.20f1/Editor/Data/MonoBleedingEdge/etc'
Using monoOptions --debugger-agent=transport=dt_socket,embedding=1,server=y,suspend=n,address=127.0.0.1:56484
Begin MonoManager ReloadAssembly
Registering precompiled unity dll's ...
Register platform support module: C:/Program Files/Unity/Hub/Editor/2020.3.20f1/Editor/Data/PlaybackEngines/WebGLSupport/UnityEditor.WebGL.Extensions.dll
Register platform support module: C:/Program Files/Unity/Hub/Editor/2020.3.20f1/Editor/Data/PlaybackEngines/WindowsStandaloneSupport/UnityEditor.WindowsStandalone.Extensions.dll
Registered in 0.002936 seconds.
Native extension for WindowsStandalone target not found
Native extension for WebGL target not found
Refreshing native plugins compatible for Editor in 56.27 ms, found 2 plugins.
Preloading 0 native plugins for Editor in 0.00 ms.
Mono: successfully reloaded assembly
- Completed reload, in  1.755 seconds
Domain Reload Profiling:
	ReloadAssembly (1755ms)
		BeginReloadAssembly (85ms)
			ExecutionOrderSort (0ms)
			DisableScriptedObjects (0ms)
			BackupInstance (0ms)
			ReleaseScriptingObjects (0ms)
			CreateAndSetChildDomain (1ms)
		EndReloadAssembly (741ms)
			LoadAssemblies (82ms)
			RebuildTransferFunctionScriptingTraits (0ms)
			SetupTypeCache (281ms)
			ReleaseScriptCaches (0ms)
			RebuildScriptCaches (55ms)
			SetupLoadedEditorAssemblies (281ms)
				LogAssemblyErrors (0ms)
				InitializePlatformSupportModulesInManaged (9ms)
				SetLoadedEditorAssemblies (1ms)
				RefreshPlugins (56ms)
				BeforeProcessingInitializeOnLoad (32ms)
				ProcessInitializeOnLoadAttributes (137ms)
				ProcessInitializeOnLoadMethodAttributes (46ms)
				AfterProcessingInitializeOnLoad (0ms)
				EditorAssembliesLoaded (0ms)
			ExecutionOrderSort2 (0ms)
			AwakeInstancesAfterBackupRestoration (0ms)
Platform modules already initialized, skipping
Registering precompiled user dll's ...
Registered in 0.004005 seconds.
Begin MonoManager ReloadAssembly
Native extension for WindowsStandalone target not found
Native extension for WebGL target not found
Refreshing native plugins compatible for Editor in 0.58 ms, found 2 plugins.
Preloading 0 native plugins for Editor in 0.00 ms.
Mono: successfully reloaded assembly
- Completed reload, in  1.628 seconds
Domain Reload Profiling:
	ReloadAssembly (1630ms)
		BeginReloadAssembly (237ms)
			ExecutionOrderSort (0ms)
			DisableScriptedObjects (8ms)
			BackupInstance (0ms)
			ReleaseScriptingObjects (0ms)
			CreateAndSetChildDomain (28ms)
		EndReloadAssembly (1297ms)
			LoadAssemblies (129ms)
			RebuildTransferFunctionScriptingTraits (0ms)
			SetupTypeCache (421ms)
			ReleaseScriptCaches (1ms)
			RebuildScriptCaches (76ms)
			SetupLoadedEditorAssemblies (492ms)
				LogAssemblyErrors (0ms)
				InitializePlatformSupportModulesInManaged (11ms)
				SetLoadedEditorAssemblies (1ms)
				RefreshPlugins (1ms)
				BeforeProcessingInitializeOnLoad (125ms)
				ProcessInitializeOnLoadAttributes (339ms)
				ProcessInitializeOnLoadMethodAttributes (6ms)
				AfterProcessingInitializeOnLoad (9ms)
				EditorAssembliesLoaded (0ms)
			ExecutionOrderSort2 (0ms)
			AwakeInstancesAfterBackupRestoration (11ms)
Platform modules already initialized, skipping
========================================================================
Worker process is ready to serve import requests
Launched and connected shader compiler UnityShaderCompiler.exe after 0.10 seconds
Refreshing native plugins compatible for Editor in 0.54 ms, found 2 plugins.
Preloading 0 native plugins for Editor in 0.00 ms.
Unloading 1414 Unused Serialized files (Serialized files now loaded: 0)
System memory in use before: 68.8 MB.
System memory in use after: 68.9 MB.

Unloading 16 unused Assets to reduce memory usage. Loaded Objects now: 1850.
Total: 4.122900 ms (FindLiveObjects: 0.177400 ms CreateObjectMapping: 0.077200 ms MarkObjects: 3.766300 ms  DeleteObjects: 0.099800 ms)

AssetImportParameters requested are different than current active one (requested -> active):
  custom:framework-win-MediaFoundation: 216162199b28c13a410421893ffa2e32 -> 
  custom:video-decoder-ogg-theora: a1e56fd34408186e4bbccfd4996cb3dc -> 
  custom:container-muxer-webm: aa71ff27fc2769a1b78a27578f13a17b -> 
  custom:container-demuxer-webm: 4f35f7cbe854078d1ac9338744f61a02 -> 
  custom:container-demuxer-ogg: 62fdf1f143b41e24485cea50d1cbac27 -> 
  custom:video-encoder-webm-vp8: eb34c28f22e8b96e1ab97ce403110664 -> 
  custom:video-decoder-webm-vp8: 9c59270c3fd7afecdb556c50c9e8de78 -> 
  custom:audio-decoder-ogg-vorbis: bf7c407c2cedff20999df2af8eb42d56 -> 
  custom:audio-encoder-webm-vorbis: bf7c407c2cedff20999df2af8eb42d56 -> 
========================================================================
Received Import Request.
  path: Assets/Course Library/Environments
  artifactKey: Guid(9adf4911ba9b441c7b1dd27fe12b6487) Importer(815301076,1909f56bfc062723c751e8b465ee728b)
Start importing Assets/Course Library/Environments using Guid(9adf4911ba9b441c7b1dd27fe12b6487) Importer(815301076,1909f56bfc062723c751e8b465ee728b)  -> (artifact id: 'f7ca7eb083df8253760918cfa8041386') in 0.012787 seconds 
  Import took 0.016305 seconds .

========================================================================
Received Import Request.
  Time since last request: 0.000307 seconds.
  path: Assets/Course Library/Environments/Backgrounds
  artifactKey: Guid(df776867b4ded9c4396ba6ff433f7154) Importer(815301076,1909f56bfc062723c751e8b465ee728b)
Start importing Assets/Course Library/Environments/Backgrounds using Guid(df776867b4ded9c4396ba6ff433f7154) Importer(815301076,1909f56bfc062723c751e8b465ee728b)  -> (artifact id: '2c888db79bc83c570722a525ccf7fb8c') in 0.016568 seconds 
  Import took 0.020229 seconds .

========================================================================
Received Import Request.
  Time since last request: 1.304470 seconds.
  path: Assets/Course Library/Environments/Backgrounds/Background_City.png
  artifactKey: Guid(3c2fe7a7d21764202adb8200047974e0) Importer(815301076,1909f56bfc062723c751e8b465ee728b)
Start importing Assets/Course Library/Environments/Backgrounds/Background_City.png using Guid(3c2fe7a7d21764202adb8200047974e0) Importer(815301076,1909f56bfc062723c751e8b465ee728b)  -> (artifact id: '68092b168284ceab88d34c210dd9e8b4') in 0.164247 seconds 
  Import took 0.168030 seconds .

========================================================================
Received Import Request.
  Time since last request: 0.495015 seconds.
  path: Assets/Course Library/Environments/Backgrounds/Background_Nature.png
  artifactKey: Guid(f853ef505e2214dc8aef4ffe7df644ee) Importer(815301076,1909f56bfc062723c751e8b465ee728b)
Start importing Assets/Course Library/Environments/Backgrounds/Background_Nature.png using Guid(f853ef505e2214dc8aef4ffe7df644ee) Importer(815301076,1909f56bfc062723c751e8b465ee728b)  -> (artifact id: 'fa81d630c4acab5a74a63d481c80bb4f') in 0.034526 seconds 
  Import took 0.038374 seconds .

========================================================================
Received Import Request.
  Time since last request: 0.453049 seconds.
  path: Assets/Course Library/Environments/Backgrounds/Background_Town.png
  artifactKey: Guid(4d32b1211ea4642f6bfbd25e47fd444d) Importer(815301076,1909f56bfc062723c751e8b465ee728b)
Start importing Assets/Course Library/Environments/Backgrounds/Background_Town.png using Guid(4d32b1211ea4642f6bfbd25e47fd444d) Importer(815301076,1909f56bfc062723c751e8b465ee728b)  -> (artifact id: 'a275369f0d6c660162831c52cf614567') in 0.025084 seconds 
  Import took 0.028971 seconds .

========================================================================
Received Import Request.
  Time since last request: 3.178907 seconds.
  path: Assets/Course Library/Environments/Ground/Ground_Road.prefab
  artifactKey: Guid(d80c7433031fdee44bf3910c4b046ce7) Importer(815301076,1909f56bfc062723c751e8b465ee728b)
Start importing Assets/Course Library/Environments/Ground/Ground_Road.prefab using Guid(d80c7433031fdee44bf3910c4b046ce7) Importer(815301076,1909f56bfc062723c751e8b465ee728b)  -> (artifact id: '399b70d7a3867c182a2eb7cf262c1c15') in 0.467711 seconds 
  Import took 0.471760 seconds .

========================================================================
Received Import Request.
  Time since last request: 1.198172 seconds.
  path: Assets/Course Library/Environments/Ground/Ground_Tile_Cube_Flat_01.prefab
  artifactKey: Guid(4b0dd8d9ce8ef2b4ba4212934b7dc629) Importer(815301076,1909f56bfc062723c751e8b465ee728b)
Start importing Assets/Course Library/Environments/Ground/Ground_Tile_Cube_Flat_01.prefab using Guid(4b0dd8d9ce8ef2b4ba4212934b7dc629) Importer(815301076,1909f56bfc062723c751e8b465ee728b)  -> (artifact id: 'e8a478c237c3792c88de2fb2d0f0c386') in 0.023221 seconds 
  Import took 0.027549 seconds .

========================================================================
Received Import Request.
  Time since last request: 0.929426 seconds.
  path: Assets/Course Library/Environments/Ground/Ground_Tile_Cube_FloatingIsland_01.prefab
  artifactKey: Guid(c18b0566c0ca32548acca53d337698db) Importer(815301076,1909f56bfc062723c751e8b465ee728b)
Start importing Assets/Course Library/Environments/Ground/Ground_Tile_Cube_FloatingIsland_01.prefab using Guid(c18b0566c0ca32548acca53d337698db) Importer(815301076,1909f56bfc062723c751e8b465ee728b)  -> (artifact id: '71031d8fa34f299d9d96eb97d5c6ce8d') in 0.025222 seconds 
  Import took 0.029296 seconds .

========================================================================
Received Import Request.
  Time since last request: 0.593923 seconds.
  path: Assets/Course Library/Environments/Ground/Ground_Tile_Hex_Flat_01.prefab
  artifactKey: Guid(f610f1f30b970024b86dcc1a05308bc8) Importer(815301076,1909f56bfc062723c751e8b465ee728b)
Start importing Assets/Course Library/Environments/Ground/Ground_Tile_Hex_Flat_01.prefab using Guid(f610f1f30b970024b86dcc1a05308bc8) Importer(815301076,1909f56bfc062723c751e8b465ee728b)  -> (artifact id: 'b4326be85e2b2baa697b945351df1e1e') in 0.026722 seconds 
  Import took 0.030865 seconds .

========================================================================
Received Import Request.
  Time since last request: 1.342841 seconds.
  path: Assets/Course Library/Environments/Ground/Ground_Tile_Hex_FloatingIsland_01.prefab
  artifactKey: Guid(961be46ca9a355943ae3f65c47741bb0) Importer(815301076,1909f56bfc062723c751e8b465ee728b)
Start importing Assets/Course Library/Environments/Ground/Ground_Tile_Hex_FloatingIsland_01.prefab using Guid(961be46ca9a355943ae3f65c47741bb0) Importer(815301076,1909f56bfc062723c751e8b465ee728b)  -> (artifact id: '8c9978994d81f1f9eb901f72634eb332') in 0.023282 seconds 
  Import took 0.027579 seconds .

========================================================================
Received Import Request.
  Time since last request: 342.510683 seconds.
  path: Assets/Course Library
  artifactKey: Guid(10a492cb0e85ae145b9cc221cc7928fa) Importer(815301076,1909f56bfc062723c751e8b465ee728b)
Start importing Assets/Course Library using Guid(10a492cb0e85ae145b9cc221cc7928fa) Importer(815301076,1909f56bfc062723c751e8b465ee728b)  -> (artifact id: '0455c90037662167776cba6a99d3f84d') in 0.010412 seconds 
  Import took 0.014844 seconds .

========================================================================
Received Import Request.
  Time since last request: 45.280650 seconds.
  path: Assets/Scenes/Main Scene.unity
  artifactKey: Guid(c43499e6ba849a848b8d1d64bfc427bb) Importer(815301076,1909f56bfc062723c751e8b465ee728b)
Start importing Assets/Scenes/Main Scene.unity using Guid(c43499e6ba849a848b8d1d64bfc427bb) Importer(815301076,1909f56bfc062723c751e8b465ee728b)  -> (artifact id: '306cdd0ffe4a89df1415c9bb8106faed') in 0.011491 seconds 
  Import took 0.015344 seconds .

========================================================================
Received Import Request.
  Time since last request: 20.709483 seconds.
  path: Assets/Course Library/Environments/Ground/Ground_Tile_Cube_Flat_01.prefab
  artifactKey: Guid(4b0dd8d9ce8ef2b4ba4212934b7dc629) Importer(815301076,1909f56bfc062723c751e8b465ee728b)
Start importing Assets/Course Library/Environments/Ground/Ground_Tile_Cube_Flat_01.prefab using Guid(4b0dd8d9ce8ef2b4ba4212934b7dc629) Importer(815301076,1909f56bfc062723c751e8b465ee728b)  -> (artifact id: '69a429ad25da4d11c8746df0a898cc1f') in 0.019471 seconds 
  Import took 0.023948 seconds .

========================================================================
Received Import Request.
  Time since last request: 2.257697 seconds.
  path: Assets/Course Library/Environments/Ground/Ground_Tile_Cube_Flat_01.prefab
  artifactKey: Guid(4b0dd8d9ce8ef2b4ba4212934b7dc629) Importer(815301076,1909f56bfc062723c751e8b465ee728b)
Start importing Assets/Course Library/Environments/Ground/Ground_Tile_Cube_Flat_01.prefab using Guid(4b0dd8d9ce8ef2b4ba4212934b7dc629) Importer(815301076,1909f56bfc062723c751e8b465ee728b)  -> (artifact id: '18e6596bb9435f099c5443f10e348866') in 0.021027 seconds 
  Import took 0.024944 seconds .

========================================================================
Received Import Request.
  Time since last request: 300.966446 seconds.
  path: Assets/Course Library/Characters/Farm
  artifactKey: Guid(9032ce177a9f74d5f8e7743a2d35e3fa) Importer(815301076,1909f56bfc062723c751e8b465ee728b)
Start importing Assets/Course Library/Characters/Farm using Guid(9032ce177a9f74d5f8e7743a2d35e3fa) Importer(815301076,1909f56bfc062723c751e8b465ee728b)  -> (artifact id: '59fafef799cf0843efc59034092a8f2b') in 0.011413 seconds 
  Import took 0.015574 seconds .

========================================================================
Received Import Request.
  Time since last request: 2.638559 seconds.
  path: Assets/Course Library/Characters/Farm/SimpleFarmer_Man_01_Black.prefab
  artifactKey: Guid(f8abbdd178867d2419ba9feb6ff2cba0) Importer(815301076,1909f56bfc062723c751e8b465ee728b)
Start importing Assets/Course Library/Characters/Farm/SimpleFarmer_Man_01_Black.prefab using Guid(f8abbdd178867d2419ba9feb6ff2cba0) Importer(815301076,1909f56bfc062723c751e8b465ee728b)  -> (artifact id: 'ed99c7a4f7c1c0a07942bd43269a4f8b') in 0.291242 seconds 
  Import took 0.299954 seconds .

========================================================================
Received Import Request.
  Time since last request: 1.844010 seconds.
  path: Assets/Course Library/Characters/Farm/SimpleFarmer_Man_02_White.prefab
  artifactKey: Guid(7b6675de545141649953fd8adec4561b) Importer(815301076,1909f56bfc062723c751e8b465ee728b)
Start importing Assets/Course Library/Characters/Farm/SimpleFarmer_Man_02_White.prefab using Guid(7b6675de545141649953fd8adec4561b) Importer(815301076,1909f56bfc062723c751e8b465ee728b)  -> (artifact id: '16bfa05d8b6c9897761a8e4e4443b17e') in 0.084711 seconds 
  Import took 0.092899 seconds .

========================================================================
Received Import Request.
  Time since last request: 193.694556 seconds.
  path: Assets/Course Library/Characters
  artifactKey: Guid(2ab30495d8cc04868921a3eb89f430d4) Importer(815301076,1909f56bfc062723c751e8b465ee728b)
Start importing Assets/Course Library/Characters using Guid(2ab30495d8cc04868921a3eb89f430d4) Importer(815301076,1909f56bfc062723c751e8b465ee728b)  -> (artifact id: '47f5a18d9fe7b814f68e13eff6d4b263') in 0.010636 seconds 
  Import took 0.015287 seconds .

========================================================================
Received Import Request.
  Time since last request: 277.237391 seconds.
  path: Assets/Material
  artifactKey: Guid(8777a9b145f8f6e40a145844c6a61527) Importer(815301076,1909f56bfc062723c751e8b465ee728b)
Start importing Assets/Material using Guid(8777a9b145f8f6e40a145844c6a61527) Importer(815301076,1909f56bfc062723c751e8b465ee728b)  -> (artifact id: '0e5f58b43f241bb234921c43a0fd3652') in 0.011112 seconds 
  Import took 0.015714 seconds .

========================================================================
Received Import Request.
  Time since last request: 2.445992 seconds.
  path: Assets/Materials
  artifactKey: Guid(8777a9b145f8f6e40a145844c6a61527) Importer(815301076,1909f56bfc062723c751e8b465ee728b)
Start importing Assets/Materials using Guid(8777a9b145f8f6e40a145844c6a61527) Importer(815301076,1909f56bfc062723c751e8b465ee728b)  -> (artifact id: '1ff142814e5d43aa2ba59a7c0821205d') in 0.010942 seconds 
  Import took 0.015181 seconds .

========================================================================
Received Import Request.
  Time since last request: 2.057697 seconds.
  path: Assets/Ground textures pack
  artifactKey: Guid(e07c2b262788d234daef7568c3d85596) Importer(815301076,1909f56bfc062723c751e8b465ee728b)
Start importing Assets/Ground textures pack using Guid(e07c2b262788d234daef7568c3d85596) Importer(815301076,1909f56bfc062723c751e8b465ee728b)  -> (artifact id: 'c0eb5c974f6038ac1e1601aab5ae1277') in 0.011189 seconds 
  Import took 0.015094 seconds .

========================================================================
Received Import Request.
  Time since last request: 1.255048 seconds.
  path: Assets/Ground textures pack/Dry ground
  artifactKey: Guid(eb15f5b21c1708043bdc32c5dd594031) Importer(815301076,1909f56bfc062723c751e8b465ee728b)
Start importing Assets/Ground textures pack/Dry ground using Guid(eb15f5b21c1708043bdc32c5dd594031) Importer(815301076,1909f56bfc062723c751e8b465ee728b)  -> (artifact id: 'b2ded6a7ba5cc2441cf7bc13a08214c1') in 0.010715 seconds 
  Import took 0.014686 seconds .

========================================================================
Received Import Request.
  Time since last request: 3.798102 seconds.
  path: Assets/Ground textures pack/Dry ground/preview.jpg
  artifactKey: Guid(4602e8f26b3f5b24d8e4fd1af5e63cfb) Importer(815301076,1909f56bfc062723c751e8b465ee728b)
Start importing Assets/Ground textures pack/Dry ground/preview.jpg using Guid(4602e8f26b3f5b24d8e4fd1af5e63cfb) Importer(815301076,1909f56bfc062723c751e8b465ee728b)  -> (artifact id: '13dcee8cc2657162e641450ee01bc8e6') in 0.023322 seconds 
  Import took 0.027170 seconds .

========================================================================
Received Import Request.
  Time since last request: 4.749091 seconds.
  path: Assets/Ground textures pack/Grass & dead leafs 01/preview.jpg
  artifactKey: Guid(9f425c22a471a47459e192cb7dafd4c5) Importer(815301076,1909f56bfc062723c751e8b465ee728b)
Start importing Assets/Ground textures pack/Grass & dead leafs 01/preview.jpg using Guid(9f425c22a471a47459e192cb7dafd4c5) Importer(815301076,1909f56bfc062723c751e8b465ee728b)  -> (artifact id: '522f2b3f927dbbefddf2d6484603af26') in 0.017652 seconds 
  Import took 0.021639 seconds .

========================================================================
Received Import Request.
  Time since last request: 1.463351 seconds.
  path: Assets/Ground textures pack/Grass & dead leafs 01/diffuse.tga
  artifactKey: Guid(46c9b2c471a59f24cbe88eae93a32f60) Importer(815301076,1909f56bfc062723c751e8b465ee728b)
Start importing Assets/Ground textures pack/Grass & dead leafs 01/diffuse.tga using Guid(46c9b2c471a59f24cbe88eae93a32f60) Importer(815301076,1909f56bfc062723c751e8b465ee728b)  -> (artifact id: '07af939ad62f7d5182787d8ce1ca0c53') in 0.025897 seconds 
  Import took 0.030088 seconds .

========================================================================
Received Import Request.
  Time since last request: 4.761305 seconds.
  path: Assets/Ground textures pack/Grass & dead leafs 02/preview.jpg
  artifactKey: Guid(a9151bfe4152f2748846a0fa52b216be) Importer(815301076,1909f56bfc062723c751e8b465ee728b)
Start importing Assets/Ground textures pack/Grass & dead leafs 02/preview.jpg using Guid(a9151bfe4152f2748846a0fa52b216be) Importer(815301076,1909f56bfc062723c751e8b465ee728b)  -> (artifact id: '0d8019d0a45c98140153ac0a35d7a816') in 0.018098 seconds 
  Import took 0.022117 seconds .

========================================================================
Received Import Request.
  Time since last request: 0.648466 seconds.
  path: Assets/Ground textures pack/Grass & dead leafs 02/normal.tga
  artifactKey: Guid(0c64d261e58031345b9844438ceb0af9) Importer(815301076,1909f56bfc062723c751e8b465ee728b)
Start importing Assets/Ground textures pack/Grass & dead leafs 02/normal.tga using Guid(0c64d261e58031345b9844438ceb0af9) Importer(815301076,1909f56bfc062723c751e8b465ee728b)  -> (artifact id: '8d37bb0d9bd4dac806563c0a69e570af') in 0.030670 seconds 
  Import took 0.034820 seconds .

========================================================================
Received Import Request.
  Time since last request: 9.976480 seconds.
  path: Assets/Ground textures pack/Grass 01/preview.jpg
  artifactKey: Guid(c70f0b4ce904a324c8c6dbe6d66251e6) Importer(815301076,1909f56bfc062723c751e8b465ee728b)
Start importing Assets/Ground textures pack/Grass 01/preview.jpg using Guid(c70f0b4ce904a324c8c6dbe6d66251e6) Importer(815301076,1909f56bfc062723c751e8b465ee728b)  -> (artifact id: 'b959437d2c4ff040579f9ad33f25747e') in 0.023727 seconds 
  Import took 0.027554 seconds .

========================================================================
Received Import Request.
  Time since last request: 1.611106 seconds.
  path: Assets/Ground textures pack/Grass 01/diffuse.tga
  artifactKey: Guid(a51044dfe95257548b466bc35528b878) Importer(815301076,1909f56bfc062723c751e8b465ee728b)
Start importing Assets/Ground textures pack/Grass 01/diffuse.tga using Guid(a51044dfe95257548b466bc35528b878) Importer(815301076,1909f56bfc062723c751e8b465ee728b)  -> (artifact id: '4f50d08cd5c5e6e1b3db9567741a4401') in 0.026378 seconds 
  Import took 0.030332 seconds .

========================================================================
Received Import Request.
  Time since last request: 3.213605 seconds.
  path: Assets/Ground textures pack/Grass 02/preview.jpg
  artifactKey: Guid(c3f3938c7c9e3d746a4d01269c0e3bbe) Importer(815301076,1909f56bfc062723c751e8b465ee728b)
Start importing Assets/Ground textures pack/Grass 02/preview.jpg using Guid(c3f3938c7c9e3d746a4d01269c0e3bbe) Importer(815301076,1909f56bfc062723c751e8b465ee728b)  -> (artifact id: '8feb63051782ce6e35bf9396630a15bf') in 0.017934 seconds 
  Import took 0.022016 seconds .

========================================================================
Received Import Request.
  Time since last request: 2.412741 seconds.
  path: Assets/Ground textures pack/Grass 03/preview.jpg
  artifactKey: Guid(9074a9b5ce95d5b4eb1a31e80b0a0a41) Importer(815301076,1909f56bfc062723c751e8b465ee728b)
Start importing Assets/Ground textures pack/Grass 03/preview.jpg using Guid(9074a9b5ce95d5b4eb1a31e80b0a0a41) Importer(815301076,1909f56bfc062723c751e8b465ee728b)  -> (artifact id: 'f8636a6877083af30b6f4b172c7e5c89') in 0.023590 seconds 
  Import took 0.027297 seconds .

========================================================================
Received Import Request.
  Time since last request: 2.546494 seconds.
  path: Assets/Ground textures pack/Grass 04/preview.jpg
  artifactKey: Guid(023e18c83e08fe848a850693dc1cf60a) Importer(815301076,1909f56bfc062723c751e8b465ee728b)
Start importing Assets/Ground textures pack/Grass 04/preview.jpg using Guid(023e18c83e08fe848a850693dc1cf60a) Importer(815301076,1909f56bfc062723c751e8b465ee728b)  -> (artifact id: 'e9276386329e7299072f4449a9878c60') in 0.015729 seconds 
  Import took 0.019543 seconds .

========================================================================
Received Import Request.
  Time since last request: 1.533397 seconds.
  path: Assets/Ground textures pack/Grass 04/diffuse.tga
  artifactKey: Guid(e939889a01ba73f4c9f41bb8d6d79d5f) Importer(815301076,1909f56bfc062723c751e8b465ee728b)
Start importing Assets/Ground textures pack/Grass 04/diffuse.tga using Guid(e939889a01ba73f4c9f41bb8d6d79d5f) Importer(815301076,1909f56bfc062723c751e8b465ee728b)  -> (artifact id: '797efff98866a578271891035d775968') in 0.020390 seconds 
  Import took 0.024191 seconds .

========================================================================
Received Import Request.
  Time since last request: 2.840789 seconds.
  path: Assets/Ground textures pack/Grass 05/preview.jpg
  artifactKey: Guid(3f700d4069d83574ea6db821b3f8c561) Importer(815301076,1909f56bfc062723c751e8b465ee728b)
Start importing Assets/Ground textures pack/Grass 05/preview.jpg using Guid(3f700d4069d83574ea6db821b3f8c561) Importer(815301076,1909f56bfc062723c751e8b465ee728b)  -> (artifact id: '8d62c6917708b671f42aa9e24d3fd01d') in 0.017914 seconds 
  Import took 0.022022 seconds .

========================================================================
Received Import Request.
  Time since last request: 1.576297 seconds.
  path: Assets/Ground textures pack/Grass 05/diffuse.tga
  artifactKey: Guid(f0a8168310b10da4faedc474bb26c20f) Importer(815301076,1909f56bfc062723c751e8b465ee728b)
Start importing Assets/Ground textures pack/Grass 05/diffuse.tga using Guid(f0a8168310b10da4faedc474bb26c20f) Importer(815301076,1909f56bfc062723c751e8b465ee728b)  -> (artifact id: '23266cd6a4e5eb2e52aadba567679028') in 0.026863 seconds 
  Import took 0.030686 seconds .

========================================================================
Received Import Request.
  Time since last request: 4.074448 seconds.
  path: Assets/Ground textures pack/Grass 06/preview.jpg
  artifactKey: Guid(923d402301de9714eb824d8234c30919) Importer(815301076,1909f56bfc062723c751e8b465ee728b)
Start importing Assets/Ground textures pack/Grass 06/preview.jpg using Guid(923d402301de9714eb824d8234c30919) Importer(815301076,1909f56bfc062723c751e8b465ee728b)  -> (artifact id: '00534597ad9f35a1b8c7a5bb75b84b82') in 0.023288 seconds 
  Import took 0.027123 seconds .

========================================================================
Received Import Request.
  Time since last request: 3.627125 seconds.
  path: Assets/Ground textures pack/Ground & moss/preview.jpg
  artifactKey: Guid(89b1108068912fd4e81b047cbe3a5182) Importer(815301076,1909f56bfc062723c751e8b465ee728b)
Start importing Assets/Ground textures pack/Ground & moss/preview.jpg using Guid(89b1108068912fd4e81b047cbe3a5182) Importer(815301076,1909f56bfc062723c751e8b465ee728b)  -> (artifact id: '37e727479e1a035503088f98c7cebb3b') in 0.021875 seconds 
  Import took 0.025759 seconds .

========================================================================
Received Import Request.
  Time since last request: 3.021175 seconds.
  path: Assets/Ground textures pack/Ground 01
  artifactKey: Guid(ba9f4dd02bba3464ca81669aa612c7dc) Importer(815301076,1909f56bfc062723c751e8b465ee728b)
Start importing Assets/Ground textures pack/Ground 01 using Guid(ba9f4dd02bba3464ca81669aa612c7dc) Importer(815301076,1909f56bfc062723c751e8b465ee728b)  -> (artifact id: '6a532f488c8c538080b7b2dc372657f9') in 0.010055 seconds 
  Import took 0.013900 seconds .

========================================================================
Received Import Request.
  Time since last request: 2.000296 seconds.
  path: Assets/Ground textures pack/Ground 01/preview.jpg
  artifactKey: Guid(4e395003c6632ab4a8ad3a08d72ccb21) Importer(815301076,1909f56bfc062723c751e8b465ee728b)
Start importing Assets/Ground textures pack/Ground 01/preview.jpg using Guid(4e395003c6632ab4a8ad3a08d72ccb21) Importer(815301076,1909f56bfc062723c751e8b465ee728b)  -> (artifact id: '9e1985d9c547d2fb0021fc8269ca188e') in 0.018619 seconds 
  Import took 0.022583 seconds .

========================================================================
Received Import Request.
  Time since last request: 4.384253 seconds.
  path: Assets/Ground textures pack/Grass 06/diffuse.tga
  artifactKey: Guid(f3c7e12938d22604eb51dc02b394dd80) Importer(815301076,1909f56bfc062723c751e8b465ee728b)
Start importing Assets/Ground textures pack/Grass 06/diffuse.tga using Guid(f3c7e12938d22604eb51dc02b394dd80) Importer(815301076,1909f56bfc062723c751e8b465ee728b)  -> (artifact id: 'acbfb7fd28c4daf69e3b63fa6ec6d616') in 0.024175 seconds 
  Import took 0.028378 seconds .

========================================================================
Received Import Request.
  Time since last request: 0.000405 seconds.
  path: Assets/Ground textures pack/Grass 06/normal.tga
  artifactKey: Guid(d06c19850ee13bf4086860fd02cf417d) Importer(815301076,1909f56bfc062723c751e8b465ee728b)
Start importing Assets/Ground textures pack/Grass 06/normal.tga using Guid(d06c19850ee13bf4086860fd02cf417d) Importer(815301076,1909f56bfc062723c751e8b465ee728b)  -> (artifact id: '52cb0df1cf6e8439bcafc1e261cfd3d1') in 0.024084 seconds 
  Import took 0.028385 seconds .

========================================================================
Received Import Request.
  Time since last request: 70.566920 seconds.
  path: Assets/Ground textures pack/Grass 05
  artifactKey: Guid(29ad855840099e548bbc20e745028d29) Importer(815301076,1909f56bfc062723c751e8b465ee728b)
Start importing Assets/Ground textures pack/Grass 05 using Guid(29ad855840099e548bbc20e745028d29) Importer(815301076,1909f56bfc062723c751e8b465ee728b)  -> (artifact id: 'f0182c4889823b023dc55f2ade543b90') in 0.011376 seconds 
  Import took 0.015207 seconds .

========================================================================
Received Import Request.
  Time since last request: 11.626863 seconds.
  path: Assets/Ground textures pack/Grass 04/normal.tga
  artifactKey: Guid(764d3e4236eef804e831508161d4411f) Importer(815301076,1909f56bfc062723c751e8b465ee728b)
Start importing Assets/Ground textures pack/Grass 04/normal.tga using Guid(764d3e4236eef804e831508161d4411f) Importer(815301076,1909f56bfc062723c751e8b465ee728b)  -> (artifact id: 'bf022743c7586c4fcf19324f8a2d22ea') in 0.026819 seconds 
  Import took 0.030901 seconds .

========================================================================
Received Import Request.
  Time since last request: 1.096009 seconds.
  path: Assets/Ground textures pack/Grass 04/Materials
  artifactKey: Guid(912034227799db94eb0b1e28a4dfba0c) Importer(815301076,1909f56bfc062723c751e8b465ee728b)
Start importing Assets/Ground textures pack/Grass 04/Materials using Guid(912034227799db94eb0b1e28a4dfba0c) Importer(815301076,1909f56bfc062723c751e8b465ee728b)  -> (artifact id: '0c2822a1437db4f0f927fbcfc269c0a8') in 0.004175 seconds 
  Import took 0.008691 seconds .

========================================================================
Received Import Request.
  Time since last request: 131.490837 seconds.
  path: Assets/Course Library/Characters/Farm/SimpleFarmer_Man_02_Black.prefab
  artifactKey: Guid(fc01a3bb589cebc4aa10892db165243b) Importer(815301076,1909f56bfc062723c751e8b465ee728b)
Start importing Assets/Course Library/Characters/Farm/SimpleFarmer_Man_02_Black.prefab using Guid(fc01a3bb589cebc4aa10892db165243b) Importer(815301076,1909f56bfc062723c751e8b465ee728b)  -> (artifact id: '02cca7e1f575b83ddfe3d9fc28f9c52e') in 0.086994 seconds 
  Import took 0.095418 seconds .

========================================================================
Received Import Request.
  Time since last request: 0.249000 seconds.
  path: Assets/Course Library/Characters/Farm/SimpleFarmer_Man_02_Brown.prefab
  artifactKey: Guid(814f4326a50812947b2469896d89a215) Importer(815301076,1909f56bfc062723c751e8b465ee728b)
Start importing Assets/Course Library/Characters/Farm/SimpleFarmer_Man_02_Brown.prefab using Guid(814f4326a50812947b2469896d89a215) Importer(815301076,1909f56bfc062723c751e8b465ee728b)  -> (artifact id: '309b792b36c018637bfafb489afb76a9') in 0.080073 seconds 
  Import took 0.088849 seconds .

========================================================================
Received Import Request.
  Time since last request: 1.894071 seconds.
  path: Assets/Course Library/Characters/Farm/SimpleFarmer_Woman_01_Black.prefab
  artifactKey: Guid(2af1fa464b69e4c4cb1a408373c7d971) Importer(815301076,1909f56bfc062723c751e8b465ee728b)
Start importing Assets/Course Library/Characters/Farm/SimpleFarmer_Woman_01_Black.prefab using Guid(2af1fa464b69e4c4cb1a408373c7d971) Importer(815301076,1909f56bfc062723c751e8b465ee728b)  -> (artifact id: 'e99e3fea257e8c799b603cff06aa0478') in 0.083593 seconds 
  Import took 0.092070 seconds .

========================================================================
Received Import Request.
  Time since last request: 158.114359 seconds.
  path: Assets/Course Library/Animals/Dogs
  artifactKey: Guid(40ac34bc30c8acd4a8e5198edc726634) Importer(815301076,1909f56bfc062723c751e8b465ee728b)
Start importing Assets/Course Library/Animals/Dogs using Guid(40ac34bc30c8acd4a8e5198edc726634) Importer(815301076,1909f56bfc062723c751e8b465ee728b)  -> (artifact id: '9ffafa7f0f979a8b309ca062dc859f8c') in 0.012489 seconds 
  Import took 0.016787 seconds .

========================================================================
Received Import Request.
  Time since last request: 0.583727 seconds.
  path: Assets/Course Library/Animals/Farm
  artifactKey: Guid(efee6be5dfe273f40941aa45b76ce258) Importer(815301076,1909f56bfc062723c751e8b465ee728b)
Start importing Assets/Course Library/Animals/Farm using Guid(efee6be5dfe273f40941aa45b76ce258) Importer(815301076,1909f56bfc062723c751e8b465ee728b)  -> (artifact id: '65368a2dcc382ac05bab459122b32564') in 0.003695 seconds 
  Import took 0.007591 seconds .

========================================================================
Received Import Request.
  Time since last request: 1.532304 seconds.
  path: Assets/Course Library/Animals/Forest
  artifactKey: Guid(99124cad3f103ca49a476c14da029be7) Importer(815301076,1909f56bfc062723c751e8b465ee728b)
Start importing Assets/Course Library/Animals/Forest using Guid(99124cad3f103ca49a476c14da029be7) Importer(815301076,1909f56bfc062723c751e8b465ee728b)  -> (artifact id: 'a442ab7e44588dc6e7dc67edfe5f6c5a') in 0.014727 seconds 
  Import took 0.018712 seconds .

========================================================================
Received Import Request.
  Time since last request: 0.350475 seconds.
  path: Assets/Course Library/Animals/Forest/Animal_Doe_01.prefab
  artifactKey: Guid(06aceaf909fec8f4081af49b1eea892e) Importer(815301076,1909f56bfc062723c751e8b465ee728b)
Start importing Assets/Course Library/Animals/Forest/Animal_Doe_01.prefab using Guid(06aceaf909fec8f4081af49b1eea892e) Importer(815301076,1909f56bfc062723c751e8b465ee728b)  -> (artifact id: '44c00fafa52f6aa1661e51661a4c1fe2') in 0.038963 seconds 
  Import took 0.045057 seconds .

========================================================================
Received Import Request.
  Time since last request: 6.249514 seconds.
  path: Assets/Course Library/Animals/Forest/Animal_Doe_02.prefab
  artifactKey: Guid(2fdf2b8525a6fa54ba867925b16564e3) Importer(815301076,1909f56bfc062723c751e8b465ee728b)
Start importing Assets/Course Library/Animals/Forest/Animal_Doe_02.prefab using Guid(2fdf2b8525a6fa54ba867925b16564e3) Importer(815301076,1909f56bfc062723c751e8b465ee728b)  -> (artifact id: '5ab6403114a825263ead94ce0372b4d4') in 0.044706 seconds 
  Import took 0.049876 seconds .

========================================================================
Received Import Request.
  Time since last request: 17.801013 seconds.
  path: Assets/Course Library/Animals/Forest/Animal_Fox_01.prefab
  artifactKey: Guid(e3245acddde40bf49aa555d6bdc14998) Importer(815301076,1909f56bfc062723c751e8b465ee728b)
Start importing Assets/Course Library/Animals/Forest/Animal_Fox_01.prefab using Guid(e3245acddde40bf49aa555d6bdc14998) Importer(815301076,1909f56bfc062723c751e8b465ee728b)  -> (artifact id: 'cdceb8589aa9d82a7ec329cdefaf3f54') in 0.037554 seconds 
  Import took 0.043613 seconds .

========================================================================
Received Import Request.
  Time since last request: 1.083476 seconds.
  path: Assets/Course Library/Animals/Forest/Animal_Fox_02.prefab
  artifactKey: Guid(d08ba223a91fb3440afcbed27fafa936) Importer(815301076,1909f56bfc062723c751e8b465ee728b)
Start importing Assets/Course Library/Animals/Forest/Animal_Fox_02.prefab using Guid(d08ba223a91fb3440afcbed27fafa936) Importer(815301076,1909f56bfc062723c751e8b465ee728b)  -> (artifact id: '2058331350a1c595086a42db7c3fb31b') in 0.066482 seconds 
  Import took 0.074719 seconds .

========================================================================
Received Import Request.
  Time since last request: 6.404325 seconds.
  path: Assets/Course Library/Animals/Forest/Animal_Moose_01.prefab
  artifactKey: Guid(72d1e1ec46e639c47a81658b0d9e230e) Importer(815301076,1909f56bfc062723c751e8b465ee728b)
Start importing Assets/Course Library/Animals/Forest/Animal_Moose_01.prefab using Guid(72d1e1ec46e639c47a81658b0d9e230e) Importer(815301076,1909f56bfc062723c751e8b465ee728b)  -> (artifact id: '45f4c9c53a938a329216f3d3363e6cdd') in 0.047260 seconds 
  Import took 0.053011 seconds .

========================================================================
Received Import Request.
  Time since last request: 0.737715 seconds.
  path: Assets/Course Library/Animals/Forest/Animal_Moose_02.prefab
  artifactKey: Guid(02eca77e7e6a2ec41ba4c68f20e26098) Importer(815301076,1909f56bfc062723c751e8b465ee728b)
Start importing Assets/Course Library/Animals/Forest/Animal_Moose_02.prefab using Guid(02eca77e7e6a2ec41ba4c68f20e26098) Importer(815301076,1909f56bfc062723c751e8b465ee728b)  -> (artifact id: '1ed2b627fc5efeb43abbcac59162706f') in 0.055404 seconds 
  Import took 0.061835 seconds .

========================================================================
Received Import Request.
  Time since last request: 7.231348 seconds.
  path: Assets/Course Library/Animals/Forest/Animal_Stag_01.prefab
  artifactKey: Guid(ff249e9534924c744bdfa6a3d2d1746c) Importer(815301076,1909f56bfc062723c751e8b465ee728b)
Start importing Assets/Course Library/Animals/Forest/Animal_Stag_01.prefab using Guid(ff249e9534924c744bdfa6a3d2d1746c) Importer(815301076,1909f56bfc062723c751e8b465ee728b)  -> (artifact id: '16542f0913a3643f776083e270c0bba6') in 0.042590 seconds 
  Import took 0.048324 seconds .

========================================================================
Received Import Request.
  Time since last request: 0.640320 seconds.
  path: Assets/Course Library/Animals/Forest/Animal_Stag_02.prefab
  artifactKey: Guid(e2b54f18a442ae84cb37b05e649edfc0) Importer(815301076,1909f56bfc062723c751e8b465ee728b)
Start importing Assets/Course Library/Animals/Forest/Animal_Stag_02.prefab using Guid(e2b54f18a442ae84cb37b05e649edfc0) Importer(815301076,1909f56bfc062723c751e8b465ee728b)  -> (artifact id: '9f2455b224f0ee7acdbd8a5908a266a0') in 0.038961 seconds 
  Import took 0.045395 seconds .

========================================================================
Received Import Request.
  Time since last request: 433.205461 seconds.
  path: Assets/Course Library/Textures/Abstract
  artifactKey: Guid(508f8b51346be4fb38398ab19ccbaab3) Importer(815301076,1909f56bfc062723c751e8b465ee728b)
Start importing Assets/Course Library/Textures/Abstract using Guid(508f8b51346be4fb38398ab19ccbaab3) Importer(815301076,1909f56bfc062723c751e8b465ee728b)  -> (artifact id: '0ca0f471434d23f4a421ca2d5ebefeee') in 0.011159 seconds 
  Import took 0.015180 seconds .

========================================================================
Received Import Request.
  Time since last request: 1.449650 seconds.
  path: Assets/Course Library/Textures/Abstract/PolygonPrototype_Texture_Grid_01.png
  artifactKey: Guid(2a09470ada0c47849ad79d26363f8e4a) Importer(815301076,1909f56bfc062723c751e8b465ee728b)
Start importing Assets/Course Library/Textures/Abstract/PolygonPrototype_Texture_Grid_01.png using Guid(2a09470ada0c47849ad79d26363f8e4a) Importer(815301076,1909f56bfc062723c751e8b465ee728b)  -> (artifact id: '8594210232a587b7ea37c3aa23ffb267') in 0.023623 seconds 
  Import took 0.027750 seconds .

========================================================================
Received Import Request.
  Time since last request: 2.922795 seconds.
  path: Assets/Course Library/Textures/Ground/Grass.png
  artifactKey: Guid(3cf543484d2fb7347b203b934a632fa6) Importer(815301076,1909f56bfc062723c751e8b465ee728b)
Start importing Assets/Course Library/Textures/Ground/Grass.png using Guid(3cf543484d2fb7347b203b934a632fa6) Importer(815301076,1909f56bfc062723c751e8b465ee728b)  -> (artifact id: '8eb96e05c82d1871ad057b552fec5504') in 0.026235 seconds 
  Import took 0.030323 seconds .

========================================================================
Received Import Request.
  Time since last request: 5.383673 seconds.
  path: Assets/Course Library/Textures/Ground/Gravel.png
  artifactKey: Guid(6078022333aeb934e94f73ce8fe09e6b) Importer(815301076,1909f56bfc062723c751e8b465ee728b)
Start importing Assets/Course Library/Textures/Ground/Gravel.png using Guid(6078022333aeb934e94f73ce8fe09e6b) Importer(815301076,1909f56bfc062723c751e8b465ee728b)  -> (artifact id: 'f3ba1e50ac8ba435f5f8c13552e0f600') in 0.026743 seconds 
  Import took 0.030627 seconds .

========================================================================
Received Import Request.
  Time since last request: 0.461679 seconds.
  path: Assets/Course Library/Textures/Ground/Sand.png
  artifactKey: Guid(1d77cecaeaa637a4386def007c1a1e4d) Importer(815301076,1909f56bfc062723c751e8b465ee728b)
Start importing Assets/Course Library/Textures/Ground/Sand.png using Guid(1d77cecaeaa637a4386def007c1a1e4d) Importer(815301076,1909f56bfc062723c751e8b465ee728b)  -> (artifact id: 'cc0e31545351d3bee48d762a76ae3dc6') in 0.034596 seconds 
  Import took 0.038583 seconds .

========================================================================
Received Import Request.
  Time since last request: 5.086430 seconds.
  path: Assets/Course Library/Vehicles
  artifactKey: Guid(23df7d9cc7f03e942ac5f2a15b56cffa) Importer(815301076,1909f56bfc062723c751e8b465ee728b)
Start importing Assets/Course Library/Vehicles using Guid(23df7d9cc7f03e942ac5f2a15b56cffa) Importer(815301076,1909f56bfc062723c751e8b465ee728b)  -> (artifact id: '809d6082874a1180d3a27811d62705b1') in 0.010623 seconds 
  Import took 0.014570 seconds .

========================================================================
Received Import Request.
  Time since last request: 58.569262 seconds.
  path: Assets/Course Library/Textures
  artifactKey: Guid(33ab4ddf0ec584ea9be241571718b7da) Importer(815301076,1909f56bfc062723c751e8b465ee728b)
Start importing Assets/Course Library/Textures using Guid(33ab4ddf0ec584ea9be241571718b7da) Importer(815301076,1909f56bfc062723c751e8b465ee728b)  -> (artifact id: 'c7858b6a123411ca126e6ad18dfa1aeb') in 0.010449 seconds 
  Import took 0.014409 seconds .

========================================================================
Received Import Request.
  Time since last request: 16.089444 seconds.
  path: Assets/Course Library/Vehicles/Cars/SM_Veh_Convertable_01.prefab
  artifactKey: Guid(bfec9736616e0d74fa58c16f2e83dcdc) Importer(815301076,1909f56bfc062723c751e8b465ee728b)
Start importing Assets/Course Library/Vehicles/Cars/SM_Veh_Convertable_01.prefab using Guid(bfec9736616e0d74fa58c16f2e83dcdc) Importer(815301076,1909f56bfc062723c751e8b465ee728b)  -> (artifact id: 'a6137dbe658873d6ee77cfbf8b6c6816') in 0.835538 seconds 
  Import took 0.839735 seconds .

========================================================================
Received Import Request.
  Time since last request: 1.672451 seconds.
  path: Assets/Course Library/Vehicles/Cars/Veh_Bus_Blue_Z.prefab
  artifactKey: Guid(da59e5a3713884d4f9e9667c2befa1a4) Importer(815301076,1909f56bfc062723c751e8b465ee728b)
Start importing Assets/Course Library/Vehicles/Cars/Veh_Bus_Blue_Z.prefab using Guid(da59e5a3713884d4f9e9667c2befa1a4) Importer(815301076,1909f56bfc062723c751e8b465ee728b)  -> (artifact id: '9ed90dd9fa2b9721c5530673781b2ba6') in 0.026741 seconds 
  Import took 0.030898 seconds .

========================================================================
Received Import Request.
  Time since last request: 0.656362 seconds.
  path: Assets/Course Library/Vehicles/Cars/Veh_Car_Blue_Z.prefab
  artifactKey: Guid(09082afec7b5e824ca611a0cc3264bcd) Importer(815301076,1909f56bfc062723c751e8b465ee728b)
Start importing Assets/Course Library/Vehicles/Cars/Veh_Car_Blue_Z.prefab using Guid(09082afec7b5e824ca611a0cc3264bcd) Importer(815301076,1909f56bfc062723c751e8b465ee728b)  -> (artifact id: '6ff92bfdf5e128467e9bd4f8c3140e03') in 0.027248 seconds 
  Import took 0.031479 seconds .

========================================================================
Received Import Request.
  Time since last request: 0.690544 seconds.
  path: Assets/Course Library/Vehicles/Cars/Veh_Ute_Red_Z.prefab
  artifactKey: Guid(70bf34f6c25c948458f254e87188b00b) Importer(815301076,1909f56bfc062723c751e8b465ee728b)
Start importing Assets/Course Library/Vehicles/Cars/Veh_Ute_Red_Z.prefab using Guid(70bf34f6c25c948458f254e87188b00b) Importer(815301076,1909f56bfc062723c751e8b465ee728b)  -> (artifact id: 'e17ddf49bd3c892c663dce630f2cbef0') in 0.027003 seconds 
  Import took 0.031148 seconds .

========================================================================
Received Import Request.
  Time since last request: 0.447402 seconds.
  path: Assets/Course Library/Vehicles/Cars/Veh_Van_Green_Z.prefab
  artifactKey: Guid(68840c673a0b18e41a044ed077548d55) Importer(815301076,1909f56bfc062723c751e8b465ee728b)
Start importing Assets/Course Library/Vehicles/Cars/Veh_Van_Green_Z.prefab using Guid(68840c673a0b18e41a044ed077548d55) Importer(815301076,1909f56bfc062723c751e8b465ee728b)  -> (artifact id: 'b06a2cb5a867322efb9cf9bb04240539') in 0.029365 seconds 
  Import took 0.033702 seconds .

========================================================================
Received Import Request.
  Time since last request: 10.867638 seconds.
  path: Assets/Course Library/Objects
  artifactKey: Guid(0d4d3714055e64b7a9101c22ac0407b1) Importer(815301076,1909f56bfc062723c751e8b465ee728b)
Start importing Assets/Course Library/Objects using Guid(0d4d3714055e64b7a9101c22ac0407b1) Importer(815301076,1909f56bfc062723c751e8b465ee728b)  -> (artifact id: '440f7520906c6a268fde0157e6b1186a') in 0.010451 seconds 
  Import took 0.014528 seconds .

========================================================================
Received Import Request.
  Time since last request: 1.993500 seconds.
  path: Assets/Course Library/Objects/Indicators
  artifactKey: Guid(f118de1f1c03ca2429afc8068f760de3) Importer(815301076,1909f56bfc062723c751e8b465ee728b)
Start importing Assets/Course Library/Objects/Indicators using Guid(f118de1f1c03ca2429afc8068f760de3) Importer(815301076,1909f56bfc062723c751e8b465ee728b)  -> (artifact id: 'e8bc05e5764f2524e2cd72a410cbdd9a') in 0.011302 seconds 
  Import took 0.015318 seconds .

========================================================================
Received Import Request.
  Time since last request: 0.392208 seconds.
  path: Assets/Course Library/Objects/Food
  artifactKey: Guid(4b7beded0361e6548a3331d4532b74d2) Importer(815301076,1909f56bfc062723c751e8b465ee728b)
Start importing Assets/Course Library/Objects/Food using Guid(4b7beded0361e6548a3331d4532b74d2) Importer(815301076,1909f56bfc062723c751e8b465ee728b)  -> (artifact id: 'e3e35156bb1ed6a93e28fa6cde936f86') in 0.010661 seconds 
  Import took 0.014685 seconds .

========================================================================
Received Import Request.
  Time since last request: 4.481891 seconds.
  path: Assets/Course Library/Objects/Food/Food_Bone_01.prefab
  artifactKey: Guid(1f17d257118ec324ca772c5b2bacbb14) Importer(815301076,1909f56bfc062723c751e8b465ee728b)
Start importing Assets/Course Library/Objects/Food/Food_Bone_01.prefab using Guid(1f17d257118ec324ca772c5b2bacbb14) Importer(815301076,1909f56bfc062723c751e8b465ee728b)  -> (artifact id: 'b46fd341047d79445e2b1e288af57734') in 0.030617 seconds 
  Import took 0.035242 seconds .

========================================================================
Received Import Request.
  Time since last request: 0.477825 seconds.
  path: Assets/Course Library/Objects/Food/Food_Banana_01.prefab
  artifactKey: Guid(84cd279dfc9ea0a4b8564030182915fa) Importer(815301076,1909f56bfc062723c751e8b465ee728b)
Start importing Assets/Course Library/Objects/Food/Food_Banana_01.prefab using Guid(84cd279dfc9ea0a4b8564030182915fa) Importer(815301076,1909f56bfc062723c751e8b465ee728b)  -> (artifact id: 'e7c8e1f5befaafe6f3a42b993f6b7687') in 0.030149 seconds 
  Import took 0.034199 seconds .

========================================================================
Received Import Request.
  Time since last request: 1.029272 seconds.
  path: Assets/Course Library/Objects/Food/Food_Cookie_01.prefab
  artifactKey: Guid(10d25933610222845ad3760a855829c4) Importer(815301076,1909f56bfc062723c751e8b465ee728b)
Start importing Assets/Course Library/Objects/Food/Food_Cookie_01.prefab using Guid(10d25933610222845ad3760a855829c4) Importer(815301076,1909f56bfc062723c751e8b465ee728b)  -> (artifact id: '28ef245795d50f691c20c8fe20725e2a') in 0.029943 seconds 
  Import took 0.033955 seconds .

========================================================================
Received Import Request.
  Time since last request: 0.533426 seconds.
  path: Assets/Course Library/Objects/Food/Food_Fish_Cooked.prefab
  artifactKey: Guid(245ebd2bf811d4f45a1d5dcd8c327131) Importer(815301076,1909f56bfc062723c751e8b465ee728b)
Start importing Assets/Course Library/Objects/Food/Food_Fish_Cooked.prefab using Guid(245ebd2bf811d4f45a1d5dcd8c327131) Importer(815301076,1909f56bfc062723c751e8b465ee728b)  -> (artifact id: '73420fe068cfbde5befbf0335373d33f') in 0.024754 seconds 
  Import took 0.028916 seconds .

========================================================================
Received Import Request.
  Time since last request: 1.426898 seconds.
  path: Assets/Course Library/Objects/Food/Food_Organic_Apple_01.prefab
  artifactKey: Guid(c13306d1f1d9a1a489199ef77f9dba89) Importer(815301076,1909f56bfc062723c751e8b465ee728b)
Start importing Assets/Course Library/Objects/Food/Food_Organic_Apple_01.prefab using Guid(c13306d1f1d9a1a489199ef77f9dba89) Importer(815301076,1909f56bfc062723c751e8b465ee728b)  -> (artifact id: '11b5a4198adec2a15e64f0694c294822') in 0.027123 seconds 
  Import took 0.031395 seconds .

========================================================================
Received Import Request.
  Time since last request: 1.321087 seconds.
  path: Assets/Course Library/Objects/Food/Food_Organic_Apple_03.prefab
  artifactKey: Guid(c2f4b43f266dc11439efef86830dafb4) Importer(815301076,1909f56bfc062723c751e8b465ee728b)
Start importing Assets/Course Library/Objects/Food/Food_Organic_Apple_03.prefab using Guid(c2f4b43f266dc11439efef86830dafb4) Importer(815301076,1909f56bfc062723c751e8b465ee728b)  -> (artifact id: '178bb756d38ece5834fb5be2c9c82c54') in 0.023655 seconds 
  Import took 0.027877 seconds .

========================================================================
Received Import Request.
  Time since last request: 0.482187 seconds.
  path: Assets/Course Library/Objects/Food/Food_Organic_Carrot.prefab
  artifactKey: Guid(bd519f706f8c5cf4dad9fed04ab5b64b) Importer(815301076,1909f56bfc062723c751e8b465ee728b)
Start importing Assets/Course Library/Objects/Food/Food_Organic_Carrot.prefab using Guid(bd519f706f8c5cf4dad9fed04ab5b64b) Importer(815301076,1909f56bfc062723c751e8b465ee728b)  -> (artifact id: '76d3548e514d759c2a3b3fb17c8a8d77') in 0.027339 seconds 
  Import took 0.031410 seconds .

========================================================================
Received Import Request.
  Time since last request: 1.025474 seconds.
  path: Assets/Course Library/Objects/Food/Food_Organic_Pear_02.prefab
  artifactKey: Guid(4949a22a2c444b0459d7289aae77be28) Importer(815301076,1909f56bfc062723c751e8b465ee728b)
Start importing Assets/Course Library/Objects/Food/Food_Organic_Pear_02.prefab using Guid(4949a22a2c444b0459d7289aae77be28) Importer(815301076,1909f56bfc062723c751e8b465ee728b)  -> (artifact id: 'dde9b2b4c4c298d1b1d956f77ec052af') in 0.026743 seconds 
  Import took 0.030762 seconds .

========================================================================
Received Import Request.
  Time since last request: 0.519641 seconds.
  path: Assets/Course Library/Objects/Food/Food_Pizza_01.prefab
  artifactKey: Guid(06cdf427476835b42837c1ca7f8cdbd1) Importer(815301076,1909f56bfc062723c751e8b465ee728b)
Start importing Assets/Course Library/Objects/Food/Food_Pizza_01.prefab using Guid(06cdf427476835b42837c1ca7f8cdbd1) Importer(815301076,1909f56bfc062723c751e8b465ee728b)  -> (artifact id: '5dbb77de53089c6d2e9dc9a4056d8387') in 0.027672 seconds 
  Import took 0.032364 seconds .

========================================================================
Received Import Request.
  Time since last request: 1.288881 seconds.
  path: Assets/Course Library/Objects/Food/Food_Sandwich_01.prefab
  artifactKey: Guid(5b10c1fadcedc4347b929c94cb50d5d3) Importer(815301076,1909f56bfc062723c751e8b465ee728b)
Start importing Assets/Course Library/Objects/Food/Food_Sandwich_01.prefab using Guid(5b10c1fadcedc4347b929c94cb50d5d3) Importer(815301076,1909f56bfc062723c751e8b465ee728b)  -> (artifact id: '1b6be38b7e8d1fa1987466b17cc728ea') in 0.026596 seconds 
  Import took 0.031223 seconds .

========================================================================
Received Import Request.
  Time since last request: 0.731359 seconds.
  path: Assets/Course Library/Objects/Food/Food_Steak_01.prefab
  artifactKey: Guid(9f063c5e5835cbd4b8dc54a6c0b45db4) Importer(815301076,1909f56bfc062723c751e8b465ee728b)
Start importing Assets/Course Library/Objects/Food/Food_Steak_01.prefab using Guid(9f063c5e5835cbd4b8dc54a6c0b45db4) Importer(815301076,1909f56bfc062723c751e8b465ee728b)  -> (artifact id: 'aca5534a49074123e6f988917f6c9ce2') in 0.028960 seconds 
  Import took 0.033098 seconds .

========================================================================
Received Import Request.
  Time since last request: 1.772477 seconds.
  path: Assets/Course Library/Objects/Food/Food_Wine_01.prefab
  artifactKey: Guid(ca03aa5ab3af9f147aa60e7b8d131fe3) Importer(815301076,1909f56bfc062723c751e8b465ee728b)
Start importing Assets/Course Library/Objects/Food/Food_Wine_01.prefab using Guid(ca03aa5ab3af9f147aa60e7b8d131fe3) Importer(815301076,1909f56bfc062723c751e8b465ee728b)  -> (artifact id: '42ba46c0d35a2502f2874db6ec85d696') in 0.027529 seconds 
  Import took 0.031936 seconds .

========================================================================
Received Import Request.
  Time since last request: 3.535537 seconds.
  path: Assets/Course Library/Objects/Props/Ball_8Ball.prefab
  artifactKey: Guid(d4ee8d5ef71ec5a49b51381c8889bc09) Importer(815301076,1909f56bfc062723c751e8b465ee728b)
Start importing Assets/Course Library/Objects/Props/Ball_8Ball.prefab using Guid(d4ee8d5ef71ec5a49b51381c8889bc09) Importer(815301076,1909f56bfc062723c751e8b465ee728b)  -> (artifact id: '746835ac68e71fd1ab1b6f0df0d29835') in 0.304903 seconds 
  Import took 0.309389 seconds .

========================================================================
Received Import Request.
  Time since last request: 0.173307 seconds.
  path: Assets/Course Library/Objects/Props/Ball_American_01.prefab
  artifactKey: Guid(dcdfdede07642ee44ad5cfe22399dc15) Importer(815301076,1909f56bfc062723c751e8b465ee728b)
Start importing Assets/Course Library/Objects/Props/Ball_American_01.prefab using Guid(dcdfdede07642ee44ad5cfe22399dc15) Importer(815301076,1909f56bfc062723c751e8b465ee728b)  -> (artifact id: '2548b179a2399f111e4886ec7d80f6f8') in 0.026816 seconds 
  Import took 0.031147 seconds .

========================================================================
Received Import Request.
  Time since last request: 0.981689 seconds.
  path: Assets/Course Library/Objects/Props/Ball_Beachball.prefab
  artifactKey: Guid(d9532b099f8dfb045844414b0b707bb3) Importer(815301076,1909f56bfc062723c751e8b465ee728b)
Start importing Assets/Course Library/Objects/Props/Ball_Beachball.prefab using Guid(d9532b099f8dfb045844414b0b707bb3) Importer(815301076,1909f56bfc062723c751e8b465ee728b)  -> (artifact id: '7bc5b2f86c64ccbf55af48e94cb44e29') in 0.026039 seconds 
  Import took 0.030090 seconds .

========================================================================
Received Import Request.
  Time since last request: 0.546206 seconds.
  path: Assets/Course Library/Objects/Props/Ball_Cricket.prefab
  artifactKey: Guid(98b342dd18e69a346a6594879cc0c5ce) Importer(815301076,1909f56bfc062723c751e8b465ee728b)
Start importing Assets/Course Library/Objects/Props/Ball_Cricket.prefab using Guid(98b342dd18e69a346a6594879cc0c5ce) Importer(815301076,1909f56bfc062723c751e8b465ee728b)  -> (artifact id: '0ae94e209ef0b4a59e1a5f153d31eb70') in 0.026600 seconds 
  Import took 0.030906 seconds .

========================================================================
Received Import Request.
  Time since last request: 0.448586 seconds.
  path: Assets/Course Library/Objects/Props/Ball_Nuclear.prefab
  artifactKey: Guid(07cd57be5fe3a3a4082d14214f7c6ba1) Importer(815301076,1909f56bfc062723c751e8b465ee728b)
Start importing Assets/Course Library/Objects/Props/Ball_Nuclear.prefab using Guid(07cd57be5fe3a3a4082d14214f7c6ba1) Importer(815301076,1909f56bfc062723c751e8b465ee728b)  -> (artifact id: '8d4e79f3433fc82ad8cb3d0ec0313095') in 0.025266 seconds 
  Import took 0.029923 seconds .

========================================================================
Received Import Request.
  Time since last request: 0.417716 seconds.
  path: Assets/Course Library/Objects/Props/Ball_Soccer_01.prefab
  artifactKey: Guid(c771dc487345feb4aa9946a24d7d7713) Importer(815301076,1909f56bfc062723c751e8b465ee728b)
Start importing Assets/Course Library/Objects/Props/Ball_Soccer_01.prefab using Guid(c771dc487345feb4aa9946a24d7d7713) Importer(815301076,1909f56bfc062723c751e8b465ee728b)  -> (artifact id: '523edc438378da2a896b3e97caf2cd09') in 0.025795 seconds 
  Import took 0.029886 seconds .

========================================================================
Received Import Request.
  Time since last request: 0.536068 seconds.
  path: Assets/Course Library/Objects/Props/FieldGunRound_01.prefab
  artifactKey: Guid(f127d05270a025740aac64185803fd55) Importer(815301076,1909f56bfc062723c751e8b465ee728b)
Start importing Assets/Course Library/Objects/Props/FieldGunRound_01.prefab using Guid(f127d05270a025740aac64185803fd55) Importer(815301076,1909f56bfc062723c751e8b465ee728b)  -> (artifact id: '62fa6a0bceb40569b9b020f3e8c054cd') in 0.028617 seconds 
  Import took 0.032787 seconds .

========================================================================
Received Import Request.
  Time since last request: 136.966039 seconds.
  path: Assets/Course Library/Objects/Pickups
  artifactKey: Guid(164fecffc3f077d4c82dbf367a6267a5) Importer(815301076,1909f56bfc062723c751e8b465ee728b)
Start importing Assets/Course Library/Objects/Pickups using Guid(164fecffc3f077d4c82dbf367a6267a5) Importer(815301076,1909f56bfc062723c751e8b465ee728b)  -> (artifact id: 'c7e07b5c840ec89400f42eb9b79440c5') in 0.017908 seconds 
  Import took 0.021857 seconds .

========================================================================
Received Import Request.
  Time since last request: 1.473054 seconds.
  path: Assets/Course Library/Objects/Pickups/DollarSign.prefab
  artifactKey: Guid(a8a06204dcfa9784b86eba87c2e0a1a2) Importer(815301076,1909f56bfc062723c751e8b465ee728b)
Start importing Assets/Course Library/Objects/Pickups/DollarSign.prefab using Guid(a8a06204dcfa9784b86eba87c2e0a1a2) Importer(815301076,1909f56bfc062723c751e8b465ee728b)  -> (artifact id: 'a1db3931fcba49de569f7928fffabd09') in 0.120451 seconds 
  Import took 0.124524 seconds .

========================================================================
Received Import Request.
  Time since last request: 0.352438 seconds.
  path: Assets/Course Library/Objects/Pickups/FireIcon.prefab
  artifactKey: Guid(18d064e59e399ac4ebf74eada94947af) Importer(815301076,1909f56bfc062723c751e8b465ee728b)
Start importing Assets/Course Library/Objects/Pickups/FireIcon.prefab using Guid(18d064e59e399ac4ebf74eada94947af) Importer(815301076,1909f56bfc062723c751e8b465ee728b)  -> (artifact id: 'c368941caf2bd26ffe0e575621c42d7b') in 0.022954 seconds 
  Import took 0.027049 seconds .

========================================================================
Received Import Request.
  Time since last request: 0.586343 seconds.
  path: Assets/Course Library/Objects/Pickups/Gem_01.prefab
  artifactKey: Guid(9e928de923724f54ea836e735efdd8b6) Importer(815301076,1909f56bfc062723c751e8b465ee728b)
Start importing Assets/Course Library/Objects/Pickups/Gem_01.prefab using Guid(9e928de923724f54ea836e735efdd8b6) Importer(815301076,1909f56bfc062723c751e8b465ee728b)  -> (artifact id: 'c989c159853ca9174985097af4540504') in 0.028759 seconds 
  Import took 0.033088 seconds .

========================================================================
Received Import Request.
  Time since last request: 0.941248 seconds.
  path: Assets/Course Library/Objects/Pickups/GoldCupIcon.prefab
  artifactKey: Guid(f20d096cd65070b4a89b6957463d432d) Importer(815301076,1909f56bfc062723c751e8b465ee728b)
Start importing Assets/Course Library/Objects/Pickups/GoldCupIcon.prefab using Guid(f20d096cd65070b4a89b6957463d432d) Importer(815301076,1909f56bfc062723c751e8b465ee728b)  -> (artifact id: '3ddfc5406e59e8c122fa0456c3eb6cf9') in 0.024306 seconds 
  Import took 0.028487 seconds .

========================================================================
Received Import Request.
  Time since last request: 0.318998 seconds.
  path: Assets/Course Library/Objects/Pickups/MultiplierIcon.prefab
  artifactKey: Guid(ceb1bef3d4abc9344b89436369737113) Importer(815301076,1909f56bfc062723c751e8b465ee728b)
Start importing Assets/Course Library/Objects/Pickups/MultiplierIcon.prefab using Guid(ceb1bef3d4abc9344b89436369737113) Importer(815301076,1909f56bfc062723c751e8b465ee728b)  -> (artifact id: '6a733e198ccbcc2f97d8d4e5f52d0326') in 0.023411 seconds 
  Import took 0.027488 seconds .

========================================================================
Received Import Request.
  Time since last request: 0.386019 seconds.
  path: Assets/Course Library/Objects/Pickups/PowerIcon.prefab
  artifactKey: Guid(0782c4fdae5f1624ba26300a1dc7a0a7) Importer(815301076,1909f56bfc062723c751e8b465ee728b)
Start importing Assets/Course Library/Objects/Pickups/PowerIcon.prefab using Guid(0782c4fdae5f1624ba26300a1dc7a0a7) Importer(815301076,1909f56bfc062723c751e8b465ee728b)  -> (artifact id: 'f2fc5aac3e85aa94f09910cdd7fb7588') in 0.023096 seconds 
  Import took 0.027236 seconds .

========================================================================
Received Import Request.
  Time since last request: 0.588703 seconds.
  path: Assets/Course Library/Objects/Pickups/RadiationIcon.prefab
  artifactKey: Guid(6f3d65a695e7abd46bde807842983d4a) Importer(815301076,1909f56bfc062723c751e8b465ee728b)
Start importing Assets/Course Library/Objects/Pickups/RadiationIcon.prefab using Guid(6f3d65a695e7abd46bde807842983d4a) Importer(815301076,1909f56bfc062723c751e8b465ee728b)  -> (artifact id: 'a1086cb11c28667bc5fb3dd738120fc9') in 0.027707 seconds 
  Import took 0.032201 seconds .

========================================================================
Received Import Request.
  Time since last request: 0.645161 seconds.
  path: Assets/Course Library/Objects/Pickups/RepairIcon.prefab
  artifactKey: Guid(510349479745aac4b9209e9326e42601) Importer(815301076,1909f56bfc062723c751e8b465ee728b)
Start importing Assets/Course Library/Objects/Pickups/RepairIcon.prefab using Guid(510349479745aac4b9209e9326e42601) Importer(815301076,1909f56bfc062723c751e8b465ee728b)  -> (artifact id: 'a41a37c556161bf7c292157a9bca4d0e') in 0.022827 seconds 
  Import took 0.027141 seconds .

========================================================================
Received Import Request.
  Time since last request: 0.504337 seconds.
  path: Assets/Course Library/Objects/Pickups/Star_01.prefab
  artifactKey: Guid(7bc251a7285632341a306c70a8f1cfbe) Importer(815301076,1909f56bfc062723c751e8b465ee728b)
Start importing Assets/Course Library/Objects/Pickups/Star_01.prefab using Guid(7bc251a7285632341a306c70a8f1cfbe) Importer(815301076,1909f56bfc062723c751e8b465ee728b)  -> (artifact id: '40739228d0ddc00da9c1b6df18cddc71') in 0.029544 seconds 
  Import took 0.033922 seconds .

========================================================================
Received Import Request.
  Time since last request: 102.354180 seconds.
  path: Assets/Prefabs
  artifactKey: Guid(b0102b44568e8e4409ee4edc96d624e0) Importer(815301076,1909f56bfc062723c751e8b465ee728b)
Start importing Assets/Prefabs using Guid(b0102b44568e8e4409ee4edc96d624e0) Importer(815301076,1909f56bfc062723c751e8b465ee728b)  -> (artifact id: 'e5e8a36f738fda2e4690649af695cb1c') in 0.010370 seconds 
  Import took 0.014429 seconds .

========================================================================
Received Import Request.
  Time since last request: 9.862948 seconds.
  path: Assets/Prefabs/Doe.prefab
  artifactKey: Guid(35fd3ef7717907b4884fbcbda1e4945c) Importer(815301076,1909f56bfc062723c751e8b465ee728b)
Start importing Assets/Prefabs/Doe.prefab using Guid(35fd3ef7717907b4884fbcbda1e4945c) Importer(815301076,1909f56bfc062723c751e8b465ee728b)  -> (artifact id: 'a1f08ff4a4668f4a6a07b4244bfc6aa6') in 0.040974 seconds 
  Import took 0.046710 seconds .

========================================================================
Received Import Request.
  Time since last request: 3.144437 seconds.
  path: Assets/Prefabs/Fox.prefab
  artifactKey: Guid(8dd86d8279bfbb64bb99afb57f077233) Importer(815301076,1909f56bfc062723c751e8b465ee728b)
Start importing Assets/Prefabs/Fox.prefab using Guid(8dd86d8279bfbb64bb99afb57f077233) Importer(815301076,1909f56bfc062723c751e8b465ee728b)  -> (artifact id: '12b08cc9b9aeceb9fbd48159b32e116d') in 0.044355 seconds 
  Import took 0.050450 seconds .

========================================================================
Received Import Request.
  Time since last request: 4.047531 seconds.
  path: Assets/Prefabs/Moose.prefab
  artifactKey: Guid(7ad17e0d9a244eb4796935d67c2bbac0) Importer(815301076,1909f56bfc062723c751e8b465ee728b)
Start importing Assets/Prefabs/Moose.prefab using Guid(7ad17e0d9a244eb4796935d67c2bbac0) Importer(815301076,1909f56bfc062723c751e8b465ee728b)  -> (artifact id: 'af004f592d15932be3586ab331a8f4c6') in 0.041334 seconds 
  Import took 0.047455 seconds .

========================================================================
Received Import Request.
  Time since last request: 2.899922 seconds.
  path: Assets/Prefabs/Stag.prefab
  artifactKey: Guid(0b0c7f0a8784b2540ab5abc664729368) Importer(815301076,1909f56bfc062723c751e8b465ee728b)
Start importing Assets/Prefabs/Stag.prefab using Guid(0b0c7f0a8784b2540ab5abc664729368) Importer(815301076,1909f56bfc062723c751e8b465ee728b)  -> (artifact id: '460ff3cb26b67f2983a79c8d2df4be8c') in 0.040899 seconds 
  Import took 0.047334 seconds .

========================================================================
Received Import Request.
  Time since last request: 5.329717 seconds.
  path: Assets/Prefabs/Animals
  artifactKey: Guid(1a6c80f106dd76743bf3d2699de2de33) Importer(815301076,1909f56bfc062723c751e8b465ee728b)
Start importing Assets/Prefabs/Animals using Guid(1a6c80f106dd76743bf3d2699de2de33) Importer(815301076,1909f56bfc062723c751e8b465ee728b)  -> (artifact id: '76e5351e21fc6b2865a37f098ba27051') in 0.011284 seconds 
  Import took 0.015328 seconds .

========================================================================
Received Import Request.
  Time since last request: 13.997965 seconds.
  path: Assets/Prefabs/Bullet.prefab
  artifactKey: Guid(56b57652c921eaa40aa6bc6e4e2c5772) Importer(815301076,1909f56bfc062723c751e8b465ee728b)
Start importing Assets/Prefabs/Bullet.prefab using Guid(56b57652c921eaa40aa6bc6e4e2c5772) Importer(815301076,1909f56bfc062723c751e8b465ee728b)  -> (artifact id: '95351c59467bccced03a1f7715169858') in 0.027139 seconds 
  Import took 0.031378 seconds .

========================================================================
Received Import Request.
  Time since last request: 3.697851 seconds.
  path: Assets/Prefabs/Power Up.prefab
  artifactKey: Guid(ea23c0899f2e5cf4b90886a895b67c2b) Importer(815301076,1909f56bfc062723c751e8b465ee728b)
Start importing Assets/Prefabs/Power Up.prefab using Guid(ea23c0899f2e5cf4b90886a895b67c2b) Importer(815301076,1909f56bfc062723c751e8b465ee728b)  -> (artifact id: '10925af178f99ec0e6fa3dfed2f28538') in 0.030285 seconds 
  Import took 0.034785 seconds .

========================================================================
Received Import Request.
  Time since last request: 1798.306417 seconds.
  path: Assets/Course Library/Objects/Indicators/Balloon_01.prefab
  artifactKey: Guid(5e5b016a0cd771740aae0b664476d77d) Importer(815301076,1909f56bfc062723c751e8b465ee728b)
Start importing Assets/Course Library/Objects/Indicators/Balloon_01.prefab using Guid(5e5b016a0cd771740aae0b664476d77d) Importer(815301076,1909f56bfc062723c751e8b465ee728b)  -> (artifact id: '2a7000c7cfe1eb072a87cf5983d35f91') in 0.042536 seconds 
  Import took 0.047971 seconds .

========================================================================
Received Import Request.
  Time since last request: 0.393009 seconds.
  path: Assets/Course Library/Objects/Indicators/SelectionRing_02.prefab
  artifactKey: Guid(923deea38dc6a8843b15db7638919c1e) Importer(815301076,1909f56bfc062723c751e8b465ee728b)
Start importing Assets/Course Library/Objects/Indicators/SelectionRing_02.prefab using Guid(923deea38dc6a8843b15db7638919c1e) Importer(815301076,1909f56bfc062723c751e8b465ee728b)  -> (artifact id: 'aa0b8d4aa0728a1c5731907ea73b65df') in 0.031137 seconds 
  Import took 0.035359 seconds .

========================================================================
Received Import Request.
  Time since last request: 0.420596 seconds.
  path: Assets/Course Library/Objects/Indicators/SelectionRing_03.prefab
  artifactKey: Guid(1656aec7f2b3ffe45a91801f58b00253) Importer(815301076,1909f56bfc062723c751e8b465ee728b)
Start importing Assets/Course Library/Objects/Indicators/SelectionRing_03.prefab using Guid(1656aec7f2b3ffe45a91801f58b00253) Importer(815301076,1909f56bfc062723c751e8b465ee728b)  -> (artifact id: 'b55f00e13da8d7ba932a36f52582eae5') in 0.030744 seconds 
  Import took 0.035213 seconds .

========================================================================
Received Import Request.
  Time since last request: 0.684662 seconds.
  path: Assets/Course Library/Objects/Indicators/SelectionRing_06.prefab
  artifactKey: Guid(11a653b9169986c4f9436a3002fb4516) Importer(815301076,1909f56bfc062723c751e8b465ee728b)
Start importing Assets/Course Library/Objects/Indicators/SelectionRing_06.prefab using Guid(11a653b9169986c4f9436a3002fb4516) Importer(815301076,1909f56bfc062723c751e8b465ee728b)  -> (artifact id: '011651e5a29e77e0a748071ce33c09ce') in 0.027390 seconds 
  Import took 0.031387 seconds .

========================================================================
Received Import Request.
  Time since last request: 1.382525 seconds.
  path: Assets/Course Library/Objects/Obstacles
  artifactKey: Guid(19e8ac62dbb9aa24790fff4aae4f58ad) Importer(815301076,1909f56bfc062723c751e8b465ee728b)
Start importing Assets/Course Library/Objects/Obstacles using Guid(19e8ac62dbb9aa24790fff4aae4f58ad) Importer(815301076,1909f56bfc062723c751e8b465ee728b)  -> (artifact id: 'a324dbc6482d6ad1f3762e38c57ec579') in 0.010662 seconds 
  Import took 0.014723 seconds .

========================================================================
Received Import Request.
  Time since last request: 1.740112 seconds.
  path: Assets/Course Library/Objects/Obstacles/Barrel_01.prefab
  artifactKey: Guid(95927758d3a4cef4ba6c4318f06876fd) Importer(815301076,1909f56bfc062723c751e8b465ee728b)
Start importing Assets/Course Library/Objects/Obstacles/Barrel_01.prefab using Guid(95927758d3a4cef4ba6c4318f06876fd) Importer(815301076,1909f56bfc062723c751e8b465ee728b)  -> (artifact id: '59ca2f3012ed6879adccab59394fd6a8') in 0.030152 seconds 
  Import took 0.034302 seconds .

========================================================================
Received Import Request.
  Time since last request: 0.529655 seconds.
  path: Assets/Course Library/Objects/Obstacles/Barrel_01P.prefab
  artifactKey: Guid(f750d5f061e724f4c827ab6b376e2550) Importer(815301076,1909f56bfc062723c751e8b465ee728b)
Start importing Assets/Course Library/Objects/Obstacles/Barrel_01P.prefab using Guid(f750d5f061e724f4c827ab6b376e2550) Importer(815301076,1909f56bfc062723c751e8b465ee728b)  -> (artifact id: 'f4f1d80fe857756c0332ca8a38f01f81') in 0.030242 seconds 
  Import took 0.034457 seconds .

========================================================================
Received Import Request.
  Time since last request: 0.489883 seconds.
  path: Assets/Course Library/Objects/Obstacles/Barrel_02.prefab
  artifactKey: Guid(cb04eea70ee14ab49b68d12e2cbbf680) Importer(815301076,1909f56bfc062723c751e8b465ee728b)
Start importing Assets/Course Library/Objects/Obstacles/Barrel_02.prefab using Guid(cb04eea70ee14ab49b68d12e2cbbf680) Importer(815301076,1909f56bfc062723c751e8b465ee728b)  -> (artifact id: '0dcdedede4bfbb9d11a139d1fbaae080') in 0.034498 seconds 
  Import took 0.038789 seconds .

========================================================================
Received Import Request.
  Time since last request: 1.025442 seconds.
  path: Assets/Course Library/Objects/Obstacles/Crate_Question_01.prefab
  artifactKey: Guid(d19c36dc5f97d444fa54380cf09bd828) Importer(815301076,1909f56bfc062723c751e8b465ee728b)
Start importing Assets/Course Library/Objects/Obstacles/Crate_Question_01.prefab using Guid(d19c36dc5f97d444fa54380cf09bd828) Importer(815301076,1909f56bfc062723c751e8b465ee728b)  -> (artifact id: '4896aa76fa22e8ab8b3f26d42b599713') in 0.031323 seconds 
  Import took 0.035606 seconds .

========================================================================
Received Import Request.
  Time since last request: 0.484399 seconds.
  path: Assets/Course Library/Objects/Obstacles/Prop_Barrier02.prefab
  artifactKey: Guid(367149bd17c4d4d4e8868ec6a5cf8d45) Importer(815301076,1909f56bfc062723c751e8b465ee728b)
Start importing Assets/Course Library/Objects/Obstacles/Prop_Barrier02.prefab using Guid(367149bd17c4d4d4e8868ec6a5cf8d45) Importer(815301076,1909f56bfc062723c751e8b465ee728b)  -> (artifact id: 'f06218bccdf7fc17f46abcd5e32f9988') in 0.030668 seconds 
  Import took 0.035100 seconds .

========================================================================
Received Import Request.
  Time since last request: 0.708756 seconds.
  path: Assets/Course Library/Objects/Obstacles/Prop_Barrier03.prefab
  artifactKey: Guid(84a102c1bf03d0a43bd4b342185c2811) Importer(815301076,1909f56bfc062723c751e8b465ee728b)
Start importing Assets/Course Library/Objects/Obstacles/Prop_Barrier03.prefab using Guid(84a102c1bf03d0a43bd4b342185c2811) Importer(815301076,1909f56bfc062723c751e8b465ee728b)  -> (artifact id: '1bdf45df4edd4101919f9e9cc48ddbd0') in 0.028066 seconds 
  Import took 0.032214 seconds .

========================================================================
Received Import Request.
  Time since last request: 0.485676 seconds.
  path: Assets/Course Library/Objects/Obstacles/Prop_BouyLarge_01.prefab
  artifactKey: Guid(7fd142260cfad7143a49c736573e6fc9) Importer(815301076,1909f56bfc062723c751e8b465ee728b)
Start importing Assets/Course Library/Objects/Obstacles/Prop_BouyLarge_01.prefab using Guid(7fd142260cfad7143a49c736573e6fc9) Importer(815301076,1909f56bfc062723c751e8b465ee728b)  -> (artifact id: '9532b06d8fbd97fb1b2c45bf3f09aa4c') in 0.029684 seconds 
  Import took 0.033963 seconds .

========================================================================
Received Import Request.
  Time since last request: 0.939482 seconds.
  path: Assets/Course Library/Objects/Obstacles/Prop_Spool_02.prefab
  artifactKey: Guid(3daef342e8f3f9548b04424eac7d4d0d) Importer(815301076,1909f56bfc062723c751e8b465ee728b)
Start importing Assets/Course Library/Objects/Obstacles/Prop_Spool_02.prefab using Guid(3daef342e8f3f9548b04424eac7d4d0d) Importer(815301076,1909f56bfc062723c751e8b465ee728b)  -> (artifact id: '3706ee620d7002740b10243c01f448d7') in 0.032320 seconds 
  Import took 0.036586 seconds .

========================================================================
Received Import Request.
  Time since last request: 0.574967 seconds.
  path: Assets/Course Library/Objects/Obstacles/SM_Prop_StoneWall_01.prefab
  artifactKey: Guid(aa7a79e53bee7d64e9b1fb9894a773a5) Importer(815301076,1909f56bfc062723c751e8b465ee728b)
Start importing Assets/Course Library/Objects/Obstacles/SM_Prop_StoneWall_01.prefab using Guid(aa7a79e53bee7d64e9b1fb9894a773a5) Importer(815301076,1909f56bfc062723c751e8b465ee728b)  -> (artifact id: 'a9d3922c3e4f4a18286051bb708a8993') in 0.206912 seconds 
  Import took 0.211049 seconds .

========================================================================
Received Import Request.
  Time since last request: 0.317237 seconds.
  path: Assets/Course Library/Objects/Obstacles/SM_Rock_Boulder_01.prefab
  artifactKey: Guid(cdcb19fde9e8cba40b7bff849baf2c1b) Importer(815301076,1909f56bfc062723c751e8b465ee728b)
Start importing Assets/Course Library/Objects/Obstacles/SM_Rock_Boulder_01.prefab using Guid(cdcb19fde9e8cba40b7bff849baf2c1b) Importer(815301076,1909f56bfc062723c751e8b465ee728b)  -> (artifact id: '8ff55334da91781c6ebd85aaca845445') in 0.025986 seconds 
  Import took 0.029965 seconds .

========================================================================
Received Import Request.
  Time since last request: 1.432102 seconds.
  path: Assets/Course Library/Objects/Obstacles/SM_Tree_Log_02.prefab
  artifactKey: Guid(9020d2933ec6c0544965ea4b12952c42) Importer(815301076,1909f56bfc062723c751e8b465ee728b)
Start importing Assets/Course Library/Objects/Obstacles/SM_Tree_Log_02.prefab using Guid(9020d2933ec6c0544965ea4b12952c42) Importer(815301076,1909f56bfc062723c751e8b465ee728b)  -> (artifact id: '0d1e36d5bee6112b47faad35d0a6aeeb') in 0.024956 seconds 
  Import took 0.029249 seconds .

========================================================================
Received Import Request.
  Time since last request: 0.544767 seconds.
  path: Assets/Course Library/Objects/Obstacles/Synty_Cube_01.prefab
  artifactKey: Guid(feddb6666a6474b4a80e6e7fc805f21f) Importer(815301076,1909f56bfc062723c751e8b465ee728b)
Start importing Assets/Course Library/Objects/Obstacles/Synty_Cube_01.prefab using Guid(feddb6666a6474b4a80e6e7fc805f21f) Importer(815301076,1909f56bfc062723c751e8b465ee728b)  -> (artifact id: '41db5ca85e395a003b0ca5b0baae7a2b') in 0.029798 seconds 
  Import took 0.034260 seconds .

========================================================================
Received Import Request.
  Time since last request: 2.934768 seconds.
  path: Assets/Course Library/Objects/Props
  artifactKey: Guid(946725e10858d2d4680f5f2f072ed01f) Importer(815301076,1909f56bfc062723c751e8b465ee728b)
Start importing Assets/Course Library/Objects/Props using Guid(946725e10858d2d4680f5f2f072ed01f) Importer(815301076,1909f56bfc062723c751e8b465ee728b)  -> (artifact id: '43a231ed8f0de2bccb4d45ba15e0ca2d') in 0.012166 seconds 
  Import took 0.016026 seconds .

========================================================================
Received Import Request.
  Time since last request: 4.528623 seconds.
  path: Assets/Course Library/Objects/Props/Missile_01.prefab
  artifactKey: Guid(982b7ba9f968b034bbe79438e0a07425) Importer(815301076,1909f56bfc062723c751e8b465ee728b)
Start importing Assets/Course Library/Objects/Props/Missile_01.prefab using Guid(982b7ba9f968b034bbe79438e0a07425) Importer(815301076,1909f56bfc062723c751e8b465ee728b)  -> (artifact id: 'd9a4bd75e24178297692912e1b755805') in 0.031743 seconds 
  Import took 0.036071 seconds .

========================================================================
Received Import Request.
  Time since last request: 0.972603 seconds.
  path: Assets/Course Library/Objects/Props/SM_Prop_Bomb_01.prefab
  artifactKey: Guid(666ff701b211d6440b7bd44aa7b3abfa) Importer(815301076,1909f56bfc062723c751e8b465ee728b)
Start importing Assets/Course Library/Objects/Props/SM_Prop_Bomb_01.prefab using Guid(666ff701b211d6440b7bd44aa7b3abfa) Importer(815301076,1909f56bfc062723c751e8b465ee728b)  -> (artifact id: 'dc6e31ce5835b91f085e1c5d910842b1') in 0.347148 seconds 
  Import took 0.352173 seconds .

========================================================================
Received Import Request.
  Time since last request: 0.202507 seconds.
  path: Assets/Course Library/Objects/Props/Skull_01.prefab
  artifactKey: Guid(1aeca1bd9f707c245a80c7f103d235f9) Importer(815301076,1909f56bfc062723c751e8b465ee728b)
Start importing Assets/Course Library/Objects/Props/Skull_01.prefab using Guid(1aeca1bd9f707c245a80c7f103d235f9) Importer(815301076,1909f56bfc062723c751e8b465ee728b)  -> (artifact id: '646be51c6a26b9ac791cbe00502e0207') in 0.031303 seconds 
  Import took 0.036409 seconds .

========================================================================
Received Import Request.
  Time since last request: 13.112582 seconds.
  path: Assets/Course Library/Objects/Obstacles/Prop_Barrier01.prefab
  artifactKey: Guid(ee7d0c4ddd804dd4e95f705d43c9135e) Importer(815301076,1909f56bfc062723c751e8b465ee728b)
Start importing Assets/Course Library/Objects/Obstacles/Prop_Barrier01.prefab using Guid(ee7d0c4ddd804dd4e95f705d43c9135e) Importer(815301076,1909f56bfc062723c751e8b465ee728b)  -> (artifact id: 'c93c19a5e840ada4c0bb5d0453ee40c5') in 0.028820 seconds 
  Import took 0.033098 seconds .

========================================================================
Received Import Request.
  Time since last request: 1.859890 seconds.
  path: Assets/Course Library/Objects/Obstacles/Crate_01.prefab
  artifactKey: Guid(71782582b9d2cac4cba5251a3b767d13) Importer(815301076,1909f56bfc062723c751e8b465ee728b)
Start importing Assets/Course Library/Objects/Obstacles/Crate_01.prefab using Guid(71782582b9d2cac4cba5251a3b767d13) Importer(815301076,1909f56bfc062723c751e8b465ee728b)  -> (artifact id: 'd197adab3c4505677cc244f44c1c5e31') in 0.039287 seconds 
  Import took 0.043272 seconds .

AssetImportWorkerClient::OnTransportError - code=2 error=End of file
